<?xml version="1.0" encoding="UTF-8"?>
<!-- Generated by org.testng.reporters.JUnitXMLReporter -->
<testsuite hostname="Evgenys-MacBook-Pro.local" name="Default test" tests="9" failures="0" timestamp="8 Nov 2015 02:28:51 GMT" time="31.415" errors="0">
  <testcase name="navigateToEmailSignUpPage" time="8.157" classname="com.chirkov.tests.SignUpTest"/>
  <testcase name="testInvalidSignUp" time="1.996" classname="com.chirkov.tests.SignUpTest"/>
  <testcase name="testInvalidSignUp" time="2.751" classname="com.chirkov.tests.SignUpTest"/>
  <testcase name="testInvalidSignUp" time="2.653" classname="com.chirkov.tests.SignUpTest"/>
  <testcase name="testInvalidSignUp" time="2.196" classname="com.chirkov.tests.SignUpTest"/>
  <testcase name="testInvalidSignUp" time="2.7" classname="com.chirkov.tests.SignUpTest"/>
  <testcase name="testInvalidSignUp" time="2.657" classname="com.chirkov.tests.SignUpTest"/>
  <testcase name="testInvalidSignUp" time="2.696" classname="com.chirkov.tests.SignUpTest"/>
  <testcase name="testInvalidSignUp" time="2.818" classname="com.chirkov.tests.SignUpTest"/>
</testsuite> <!-- Default test -->
