<?xml version="1.0" encoding="UTF-8"?>
<testng-results skipped="0" failed="0" total="1" passed="1">
  <reporter-output>
  </reporter-output>
  <suite name="com.demo.tests.loginTest" duration-ms="9402" started-at="2015-10-23T02:39:02Z" finished-at="2015-10-23T02:39:11Z">
    <groups>
    </groups>
    <test name="Command line test" duration-ms="9402" started-at="2015-10-23T02:39:02Z" finished-at="2015-10-23T02:39:11Z">
      <class name="com.demo.tests.loginTest">
        <test-method status="PASS" signature="setupTestClass()[pri:0, instance:com.demo.tests.loginTest@5cc7c2a6]" name="setupTestClass" is-config="true" duration-ms="2781" started-at="2015-10-22T19:39:02Z" finished-at="2015-10-22T19:39:04Z">
          <reporter-output>
          </reporter-output>
        </test-method> <!-- setupTestClass -->
        <test-method status="PASS" signature="testLogin()[pri:0, instance:com.demo.tests.loginTest@5cc7c2a6]" name="testLogin" duration-ms="6023" started-at="2015-10-22T19:39:04Z" finished-at="2015-10-22T19:39:10Z">
          <reporter-output>
          </reporter-output>
        </test-method> <!-- testLogin -->
        <test-method status="PASS" signature="tearDown()[pri:0, instance:com.demo.tests.loginTest@5cc7c2a6]" name="tearDown" is-config="true" duration-ms="587" started-at="2015-10-22T19:39:10Z" finished-at="2015-10-22T19:39:11Z">
          <reporter-output>
          </reporter-output>
        </test-method> <!-- tearDown -->
      </class> <!-- com.demo.tests.loginTest -->
    </test> <!-- Command line test -->
  </suite> <!-- com.demo.tests.loginTest -->
</testng-results>
