<?xml version="1.0" encoding="UTF-8"?>
<testng-results skipped="0" failed="0" total="1" passed="1">
  <reporter-output>
  </reporter-output>
  <suite name="Default suite" duration-ms="12675" started-at="2015-11-09T06:39:14Z" finished-at="2015-11-09T06:39:27Z">
    <groups>
    </groups>
    <test name="Default test" duration-ms="12675" started-at="2015-11-09T06:39:14Z" finished-at="2015-11-09T06:39:27Z">
      <class name="com.chirkov.tests.SignUpTest">
        <test-method status="PASS" signature="setupTestSuite(java.lang.String)[pri:0, instance:com.chirkov.tests.SignUpTest@128c502c]" name="setupTestSuite" is-config="true" duration-ms="149" started-at="2015-11-08T22:39:14Z" finished-at="2015-11-08T22:39:14Z">
          <params>
            <param index="0">
              <value>
                <![CDATA[qa]]>
              </value>
            </param>
          </params>
          <reporter-output>
          </reporter-output>
        </test-method> <!-- setupTestSuite -->
        <test-method status="PASS" signature="setUpDriver(java.lang.String)[pri:0, instance:com.chirkov.tests.SignUpTest@128c502c]" name="setUpDriver" is-config="true" duration-ms="2530" started-at="2015-11-08T22:39:14Z" finished-at="2015-11-08T22:39:17Z">
          <params>
            <param index="0">
              <value>
                <![CDATA[chrome]]>
              </value>
            </param>
          </params>
          <reporter-output>
          </reporter-output>
        </test-method> <!-- setUpDriver -->
        <test-method status="PASS" signature="setUp()[pri:0, instance:com.chirkov.tests.SignUpTest@128c502c]" name="setUp" is-config="true" duration-ms="47" started-at="2015-11-08T22:39:17Z" finished-at="2015-11-08T22:39:17Z">
          <reporter-output>
          </reporter-output>
        </test-method> <!-- setUp -->
        <test-method status="PASS" signature="successfullSignUp()[pri:3, instance:com.chirkov.tests.SignUpTest@128c502c]" name="successfullSignUp" duration-ms="9421" started-at="2015-11-08T22:39:17Z" finished-at="2015-11-08T22:39:26Z">
          <reporter-output>
          </reporter-output>
        </test-method> <!-- successfullSignUp -->
        <test-method status="PASS" signature="tearDown()[pri:0, instance:com.chirkov.tests.SignUpTest@128c502c]" name="tearDown" is-config="true" duration-ms="656" started-at="2015-11-08T22:39:26Z" finished-at="2015-11-08T22:39:27Z">
          <reporter-output>
          </reporter-output>
        </test-method> <!-- tearDown -->
        <test-method status="PASS" signature="tearDownSuite()[pri:0, instance:com.chirkov.tests.SignUpTest@128c502c]" name="tearDownSuite" is-config="true" duration-ms="1" started-at="2015-11-08T22:39:27Z" finished-at="2015-11-08T22:39:27Z">
          <reporter-output>
          </reporter-output>
        </test-method> <!-- tearDownSuite -->
      </class> <!-- com.chirkov.tests.SignUpTest -->
    </test> <!-- Default test -->
  </suite> <!-- Default suite -->
</testng-results>
