<?xml version="1.0" encoding="UTF-8"?>
<testng-results skipped="0" failed="0" total="2" passed="2">
  <reporter-output>
  </reporter-output>
  <suite name="Default suite" duration-ms="7550" started-at="2015-10-30T23:04:08Z" finished-at="2015-10-30T23:04:15Z">
    <groups>
    </groups>
    <test name="Default test" duration-ms="7550" started-at="2015-10-30T23:04:08Z" finished-at="2015-10-30T23:04:15Z">
      <class name="com.chirkov.tests.HomePageTest">
        <test-method status="PASS" signature="setupTestSuite()[pri:0, instance:com.chirkov.tests.HomePageTest@1e67a849]" name="setupTestSuite" is-config="true" duration-ms="2237" started-at="2015-10-30T16:04:06Z" finished-at="2015-10-30T16:04:08Z">
          <reporter-output>
          </reporter-output>
        </test-method> <!-- setupTestSuite -->
        <test-method status="PASS" signature="setUp()[pri:0, instance:com.chirkov.tests.HomePageTest@1e67a849]" name="setUp" is-config="true" duration-ms="31" started-at="2015-10-30T16:04:08Z" finished-at="2015-10-30T16:04:08Z">
          <reporter-output>
          </reporter-output>
        </test-method> <!-- setUp -->
        <test-method status="PASS" signature="verifyLoggedOut()[pri:0, instance:com.chirkov.tests.HomePageTest@1e67a849]" name="verifyLoggedOut" is-config="true" duration-ms="0" started-at="2015-10-30T16:04:08Z" finished-at="2015-10-30T16:04:08Z">
          <reporter-output>
          </reporter-output>
        </test-method> <!-- verifyLoggedOut -->
        <test-method status="PASS" signature="testLoginBtn()[pri:0, instance:com.chirkov.tests.HomePageTest@1e67a849]" name="testLoginBtn" duration-ms="4958" started-at="2015-10-30T16:04:08Z" finished-at="2015-10-30T16:04:13Z">
          <reporter-output>
          </reporter-output>
        </test-method> <!-- testLoginBtn -->
        <test-method status="PASS" signature="testSignUpBtn()[pri:0, instance:com.chirkov.tests.HomePageTest@1e67a849]" name="testSignUpBtn" duration-ms="2540" started-at="2015-10-30T16:04:13Z" finished-at="2015-10-30T16:04:15Z">
          <reporter-output>
          </reporter-output>
        </test-method> <!-- testSignUpBtn -->
        <test-method status="PASS" signature="tearDown()[pri:0, instance:com.chirkov.tests.HomePageTest@1e67a849]" name="tearDown" is-config="true" duration-ms="574" started-at="2015-10-30T16:04:15Z" finished-at="2015-10-30T16:04:16Z">
          <reporter-output>
          </reporter-output>
        </test-method> <!-- tearDown -->
      </class> <!-- com.chirkov.tests.HomePageTest -->
    </test> <!-- Default test -->
  </suite> <!-- Default suite -->
</testng-results>
